# JRE version: Java(TM) SE Runtime Environment (8.0_74-b02) (build 1.8.0_74-b02)
# Java VM: Java HotSpot(TM) 64-Bit Server VM (25.74-b02 mixed mode windows-amd64 compressed oops)
Heap:
 PSYoungGen      total 53248K, used 12213K [0x00000000e0980000, 0x00000000e7180000, 0x0000000100000000)
  eden space 49152K, 24% used [0x00000000e0980000,0x00000000e156d7c8,0x00000000e3980000)
  from space 4096K, 0% used [0x00000000e3980000,0x00000000e3980000,0x00000000e3d80000)
  to   space 4096K, 0% used [0x00000000e6d80000,0x00000000e6d80000,0x00000000e7180000)
 ParOldGen       total 66048K, used 19519K [0x00000000a1c00000, 0x00000000a5c80000, 0x00000000e0980000)
  object space 66048K, 29% used [0x00000000a1c00000,0x00000000a2f0ff70,0x00000000a5c80000)
 Metaspace       used 20663K, capacity 21552K, committed 21760K, reserved 1069056K
  class space    used 2775K, capacity 3000K, committed 3072K, reserved 1048576K
GC Heap History (8 events):
Event: 0.854 GC heap before
{Heap before GC invocations=1 (full 0):
 PSYoungGen      total 28672K, used 24576K [0x00000000e0980000, 0x00000000e2980000, 0x0000000100000000)
  eden space 24576K, 100% used [0x00000000e0980000,0x00000000e2180000,0x00000000e2180000)
  from space 4096K, 0% used [0x00000000e2580000,0x00000000e2580000,0x00000000e2980000)
  to   space 4096K, 0% used [0x00000000e2180000,0x00000000e2180000,0x00000000e2580000)
 ParOldGen       total 65536K, used 0K [0x00000000a1c00000, 0x00000000a5c00000, 0x00000000e0980000)
  object space 65536K, 0% used [0x00000000a1c00000,0x00000000a1c00000,0x00000000a5c00000)
 Metaspace       used 16186K, capacity 16758K, committed 17024K, reserved 1064960K
  class space    used 2198K, capacity 2379K, committed 2432K, reserved 1048576K
Event: 0.874 GC heap after
Heap after GC invocations=1 (full 0):
 PSYoungGen      total 28672K, used 4074K [0x00000000e0980000, 0x00000000e4180000, 0x0000000100000000)
  eden space 24576K, 0% used [0x00000000e0980000,0x00000000e0980000,0x00000000e2180000)
  from space 4096K, 99% used [0x00000000e2180000,0x00000000e257ab90,0x00000000e2580000)
  to   space 4096K, 0% used [0x00000000e3d80000,0x00000000e3d80000,0x00000000e4180000)
 ParOldGen       total 65536K, used 2525K [0x00000000a1c00000, 0x00000000a5c00000, 0x00000000e0980000)
  object space 65536K, 3% used [0x00000000a1c00000,0x00000000a1e77468,0x00000000a5c00000)
 Metaspace       used 16186K, capacity 16758K, committed 17024K, reserved 1064960K
  class space    used 2198K, capacity 2379K, committed 2432K, reserved 1048576K
}
Event: 1.832 GC heap before
{Heap before GC invocations=2 (full 0):
 PSYoungGen      total 28672K, used 28650K [0x00000000e0980000, 0x00000000e4180000, 0x0000000100000000)
  eden space 24576K, 100% used [0x00000000e0980000,0x00000000e2180000,0x00000000e2180000)
  from space 4096K, 99% used [0x00000000e2180000,0x00000000e257ab90,0x00000000e2580000)
  to   space 4096K, 0% used [0x00000000e3d80000,0x00000000e3d80000,0x00000000e4180000)
 ParOldGen       total 65536K, used 2525K [0x00000000a1c00000, 0x00000000a5c00000, 0x00000000e0980000)
  object space 65536K, 3% used [0x00000000a1c00000,0x00000000a1e77468,0x00000000a5c00000)
 Metaspace       used 19590K, capacity 20464K, committed 20608K, reserved 1067008K
  class space    used 2713K, capacity 2928K, committed 2944K, reserved 1048576K
Event: 1.840 GC heap after
Heap after GC invocations=2 (full 0):
 PSYoungGen      total 53248K, used 4093K [0x00000000e0980000, 0x00000000e4180000, 0x0000000100000000)
  eden space 49152K, 0% used [0x00000000e0980000,0x00000000e0980000,0x00000000e3980000)
  from space 4096K, 99% used [0x00000000e3d80000,0x00000000e417f6c0,0x00000000e4180000)
  to   space 4096K, 0% used [0x00000000e3980000,0x00000000e3980000,0x00000000e3d80000)
 ParOldGen       total 65536K, used 10596K [0x00000000a1c00000, 0x00000000a5c00000, 0x00000000e0980000)
  object space 65536K, 16% used [0x00000000a1c00000,0x00000000a2659158,0x00000000a5c00000)
 Metaspace       used 19590K, capacity 20464K, committed 20608K, reserved 1067008K
  class space    used 2713K, capacity 2928K, committed 2944K, reserved 1048576K
}
Event: 5.376 GC heap before
{Heap before GC invocations=3 (full 0):
 PSYoungGen      total 53248K, used 18680K [0x00000000e0980000, 0x00000000e4180000, 0x0000000100000000)
  eden space 49152K, 29% used [0x00000000e0980000,0x00000000e17beb48,0x00000000e3980000)
  from space 4096K, 99% used [0x00000000e3d80000,0x00000000e417f6c0,0x00000000e4180000)
  to   space 4096K, 0% used [0x00000000e3980000,0x00000000e3980000,0x00000000e3d80000)
 ParOldGen       total 65536K, used 10596K [0x00000000a1c00000, 0x00000000a5c00000, 0x00000000e0980000)
  object space 65536K, 16% used [0x00000000a1c00000,0x00000000a2659158,0x00000000a5c00000)
 Metaspace       used 20259K, capacity 21082K, committed 21248K, reserved 1067008K
  class space    used 2735K, capacity 2961K, committed 3072K, reserved 1048576K
Event: 5.390 GC heap after
Heap after GC invocations=3 (full 0):
 PSYoungGen      total 53248K, used 4093K [0x00000000e0980000, 0x00000000e7180000, 0x0000000100000000)
  eden space 49152K, 0% used [0x00000000e0980000,0x00000000e0980000,0x00000000e3980000)
  from space 4096K, 99% used [0x00000000e3980000,0x00000000e3d7f6c0,0x00000000e3d80000)
  to   space 4096K, 0% used [0x00000000e6d80000,0x00000000e6d80000,0x00000000e7180000)
 ParOldGen       total 65536K, used 15767K [0x00000000a1c00000, 0x00000000a5c00000, 0x00000000e0980000)
  object space 65536K, 24% used [0x00000000a1c00000,0x00000000a2b65d60,0x00000000a5c00000)
 Metaspace       used 20259K, capacity 21082K, committed 21248K, reserved 1067008K
  class space    used 2735K, capacity 2961K, committed 3072K, reserved 1048576K
}
Event: 5.390 GC heap before
{Heap before GC invocations=4 (full 1):
 PSYoungGen      total 53248K, used 4093K [0x00000000e0980000, 0x00000000e7180000, 0x0000000100000000)
  eden space 49152K, 0% used [0x00000000e0980000,0x00000000e0980000,0x00000000e3980000)
  from space 4096K, 99% used [0x00000000e3980000,0x00000000e3d7f6c0,0x00000000e3d80000)
  to   space 4096K, 0% used [0x00000000e6d80000,0x00000000e6d80000,0x00000000e7180000)
 ParOldGen       total 65536K, used 15767K [0x00000000a1c00000, 0x00000000a5c00000, 0x00000000e0980000)
  object space 65536K, 24% used [0x00000000a1c00000,0x00000000a2b65d60,0x00000000a5c00000)
 Metaspace       used 20259K, capacity 21082K, committed 21248K, reserved 1067008K
  class space    used 2735K, capacity 2961K, committed 3072K, reserved 1048576K
Event: 5.469 GC heap after
Heap after GC invocations=4 (full 1):
 PSYoungGen      total 53248K, used 0K [0x00000000e0980000, 0x00000000e7180000, 0x0000000100000000)
  eden space 49152K, 0% used [0x00000000e0980000,0x00000000e0980000,0x00000000e3980000)
  from space 4096K, 0% used [0x00000000e3980000,0x00000000e3980000,0x00000000e3d80000)
  to   space 4096K, 0% used [0x00000000e6d80000,0x00000000e6d80000,0x00000000e7180000)
 ParOldGen       total 66048K, used 19519K [0x00000000a1c00000, 0x00000000a5c80000, 0x00000000e0980000)
  object space 66048K, 29% used [0x00000000a1c00000,0x00000000a2f0ff70,0x00000000a5c80000)
 Metaspace       used 20259K, capacity 21082K, committed 21248K, reserved 1067008K
  class space    used 2735K, capacity 2961K, committed 3072K, reserved 1048576K
}

