# JRE version: Java(TM) SE Runtime Environment (8.0_74-b02) (build 1.8.0_74-b02)
# Java VM: Java HotSpot(TM) 64-Bit Server VM (25.74-b02 mixed mode windows-amd64 compressed oops)
Heap:
 PSYoungGen      total 28672K, used 9850K [0x00000000e0980000, 0x00000000e2980000, 0x0000000100000000)
  eden space 24576K, 40% used [0x00000000e0980000,0x00000000e131e8c0,0x00000000e2180000)
  from space 4096K, 0% used [0x00000000e2180000,0x00000000e2180000,0x00000000e2580000)
  to   space 4096K, 0% used [0x00000000e2580000,0x00000000e2580000,0x00000000e2980000)
 ParOldGen       total 69632K, used 19528K [0x00000000a1c00000, 0x00000000a6000000, 0x00000000e0980000)
  object space 69632K, 28% used [0x00000000a1c00000,0x00000000a2f12118,0x00000000a6000000)
 Metaspace       used 20639K, capacity 21544K, committed 21760K, reserved 1069056K
  class space    used 2776K, capacity 3000K, committed 3072K, reserved 1048576K
GC Heap History (8 events):
Event: 0.817 GC heap before
{Heap before GC invocations=1 (full 0):
 PSYoungGen      total 28672K, used 24576K [0x00000000e0980000, 0x00000000e2980000, 0x0000000100000000)
  eden space 24576K, 100% used [0x00000000e0980000,0x00000000e2180000,0x00000000e2180000)
  from space 4096K, 0% used [0x00000000e2580000,0x00000000e2580000,0x00000000e2980000)
  to   space 4096K, 0% used [0x00000000e2180000,0x00000000e2180000,0x00000000e2580000)
 ParOldGen       total 65536K, used 0K [0x00000000a1c00000, 0x00000000a5c00000, 0x00000000e0980000)
  object space 65536K, 0% used [0x00000000a1c00000,0x00000000a1c00000,0x00000000a5c00000)
 Metaspace       used 16140K, capacity 16634K, committed 17024K, reserved 1064960K
  class space    used 2192K, capacity 2339K, committed 2432K, reserved 1048576K
Event: 0.825 GC heap after
Heap after GC invocations=1 (full 0):
 PSYoungGen      total 28672K, used 4074K [0x00000000e0980000, 0x00000000e2980000, 0x0000000100000000)
  eden space 24576K, 0% used [0x00000000e0980000,0x00000000e0980000,0x00000000e2180000)
  from space 4096K, 99% used [0x00000000e2180000,0x00000000e257ab90,0x00000000e2580000)
  to   space 4096K, 0% used [0x00000000e2580000,0x00000000e2580000,0x00000000e2980000)
 ParOldGen       total 65536K, used 2481K [0x00000000a1c00000, 0x00000000a5c00000, 0x00000000e0980000)
  object space 65536K, 3% used [0x00000000a1c00000,0x00000000a1e6c458,0x00000000a5c00000)
 Metaspace       used 16140K, capacity 16634K, committed 17024K, reserved 1064960K
  class space    used 2192K, capacity 2339K, committed 2432K, reserved 1048576K
}
Event: 1.697 GC heap before
{Heap before GC invocations=2 (full 0):
 PSYoungGen      total 28672K, used 28650K [0x00000000e0980000, 0x00000000e2980000, 0x0000000100000000)
  eden space 24576K, 100% used [0x00000000e0980000,0x00000000e2180000,0x00000000e2180000)
  from space 4096K, 99% used [0x00000000e2180000,0x00000000e257ab90,0x00000000e2580000)
  to   space 4096K, 0% used [0x00000000e2580000,0x00000000e2580000,0x00000000e2980000)
 ParOldGen       total 65536K, used 2481K [0x00000000a1c00000, 0x00000000a5c00000, 0x00000000e0980000)
  object space 65536K, 3% used [0x00000000a1c00000,0x00000000a1e6c458,0x00000000a5c00000)
 Metaspace       used 19656K, capacity 20528K, committed 20608K, reserved 1067008K
  class space    used 2724K, capacity 2928K, committed 2944K, reserved 1048576K
Event: 1.707 GC heap after
Heap after GC invocations=2 (full 0):
 PSYoungGen      total 28672K, used 4077K [0x00000000e0980000, 0x00000000e4180000, 0x0000000100000000)
  eden space 24576K, 0% used [0x00000000e0980000,0x00000000e0980000,0x00000000e2180000)
  from space 4096K, 99% used [0x00000000e2580000,0x00000000e297b550,0x00000000e2980000)
  to   space 4096K, 0% used [0x00000000e2180000,0x00000000e2180000,0x00000000e2580000)
 ParOldGen       total 65536K, used 11477K [0x00000000a1c00000, 0x00000000a5c00000, 0x00000000e0980000)
  object space 65536K, 17% used [0x00000000a1c00000,0x00000000a2735740,0x00000000a5c00000)
 Metaspace       used 19656K, capacity 20528K, committed 20608K, reserved 1067008K
  class space    used 2724K, capacity 2928K, committed 2944K, reserved 1048576K
}
Event: 4.538 GC heap before
{Heap before GC invocations=3 (full 0):
 PSYoungGen      total 28672K, used 14598K [0x00000000e0980000, 0x00000000e4180000, 0x0000000100000000)
  eden space 24576K, 42% used [0x00000000e0980000,0x00000000e13c6698,0x00000000e2180000)
  from space 4096K, 99% used [0x00000000e2580000,0x00000000e297b550,0x00000000e2980000)
  to   space 4096K, 0% used [0x00000000e2180000,0x00000000e2180000,0x00000000e2580000)
 ParOldGen       total 65536K, used 11477K [0x00000000a1c00000, 0x00000000a5c00000, 0x00000000e0980000)
  object space 65536K, 17% used [0x00000000a1c00000,0x00000000a2735740,0x00000000a5c00000)
 Metaspace       used 20314K, capacity 21126K, committed 21296K, reserved 1067008K
  class space    used 2748K, capacity 2931K, committed 2944K, reserved 1048576K
Event: 4.551 GC heap after
Heap after GC invocations=3 (full 0):
 PSYoungGen      total 28672K, used 4093K [0x00000000e0980000, 0x00000000e2980000, 0x0000000100000000)
  eden space 24576K, 0% used [0x00000000e0980000,0x00000000e0980000,0x00000000e2180000)
  from space 4096K, 99% used [0x00000000e2180000,0x00000000e257f520,0x00000000e2580000)
  to   space 4096K, 0% used [0x00000000e2580000,0x00000000e2580000,0x00000000e2980000)
 ParOldGen       total 65536K, used 15681K [0x00000000a1c00000, 0x00000000a5c00000, 0x00000000e0980000)
  object space 65536K, 23% used [0x00000000a1c00000,0x00000000a2b50500,0x00000000a5c00000)
 Metaspace       used 20314K, capacity 21126K, committed 21296K, reserved 1067008K
  class space    used 2748K, capacity 2931K, committed 2944K, reserved 1048576K
}
Event: 4.551 GC heap before
{Heap before GC invocations=4 (full 1):
 PSYoungGen      total 28672K, used 4093K [0x00000000e0980000, 0x00000000e2980000, 0x0000000100000000)
  eden space 24576K, 0% used [0x00000000e0980000,0x00000000e0980000,0x00000000e2180000)
  from space 4096K, 99% used [0x00000000e2180000,0x00000000e257f520,0x00000000e2580000)
  to   space 4096K, 0% used [0x00000000e2580000,0x00000000e2580000,0x00000000e2980000)
 ParOldGen       total 65536K, used 15681K [0x00000000a1c00000, 0x00000000a5c00000, 0x00000000e0980000)
  object space 65536K, 23% used [0x00000000a1c00000,0x00000000a2b50500,0x00000000a5c00000)
 Metaspace       used 20314K, capacity 21126K, committed 21296K, reserved 1067008K
  class space    used 2748K, capacity 2931K, committed 2944K, reserved 1048576K
Event: 4.620 GC heap after
Heap after GC invocations=4 (full 1):
 PSYoungGen      total 28672K, used 0K [0x00000000e0980000, 0x00000000e2980000, 0x0000000100000000)
  eden space 24576K, 0% used [0x00000000e0980000,0x00000000e0980000,0x00000000e2180000)
  from space 4096K, 0% used [0x00000000e2180000,0x00000000e2180000,0x00000000e2580000)
  to   space 4096K, 0% used [0x00000000e2580000,0x00000000e2580000,0x00000000e2980000)
 ParOldGen       total 69632K, used 19528K [0x00000000a1c00000, 0x00000000a6000000, 0x00000000e0980000)
  object space 69632K, 28% used [0x00000000a1c00000,0x00000000a2f12118,0x00000000a6000000)
 Metaspace       used 20314K, capacity 21126K, committed 21296K, reserved 1067008K
  class space    used 2748K, capacity 2931K, committed 2944K, reserved 1048576K
}

